This is pdfTeX, Version 3.141592653-2.6-1.40.24 (TeX Live 2022) (preloaded format=pdflatex 2023.2.24)  24 FEB 2023 19:35
entering extended mode
 restricted \write18 enabled.
 %&-line parsing enabled.
**code_03.2.tex
(./code_03.2.tex
LaTeX2e <2022-11-01> patch level 1
L3 programming layer <2023-02-07> (c:/Users/Simone/AppData/Roaming/TinyTeX/texmf-dist/tex/latex/base/article.cls
Document Class: article 2022/07/02 v1.4n Standard LaTeX document class
(c:/Users/Simone/AppData/Roaming/TinyTeX/texmf-dist/tex/latex/base/size10.clo
File: size10.clo 2022/07/02 v1.4n Standard LaTeX file (size option)
)
\c@part=\count185
\c@section=\count186
\c@subsection=\count187
\c@subsubsection=\count188
\c@paragraph=\count189
\c@subparagraph=\count190
\c@figure=\count191
\c@table=\count192
\abovecaptionskip=\skip48
\belowcaptionskip=\skip49
\bibindent=\dimen140
) (c:/Users/Simone/AppData/Roaming/TinyTeX/texmf-dist/tex/latex/amsmath/amsmath.sty
Package: amsmath 2022/04/08 v2.17n AMS math features
\@mathmargin=\skip50
For additional information on amsmath, use the `?' option.
(c:/Users/Simone/AppData/Roaming/TinyTeX/texmf-dist/tex/latex/amsmath/amstext.sty
Package: amstext 2021/08/26 v2.01 AMS text
(c:/Users/Simone/AppData/Roaming/TinyTeX/texmf-dist/tex/latex/amsmath/amsgen.sty
File: amsgen.sty 1999/11/30 v2.0 generic functions
\@emptytoks=\toks16
\ex@=\dimen141
)) (c:/Users/Simone/AppData/Roaming/TinyTeX/texmf-dist/tex/latex/amsmath/amsbsy.sty
Package: amsbsy 1999/11/29 v1.2d Bold Symbols
\pmbraise@=\dimen142
) (c:/Users/Simone/AppData/Roaming/TinyTeX/texmf-dist/tex/latex/amsmath/amsopn.sty
Package: amsopn 2022/04/08 v2.04 operator names
)
\inf@bad=\count193
LaTeX Info: Redefining \frac on input line 234.
\uproot@=\count194
\leftroot@=\count195
LaTeX Info: Redefining \overline on input line 399.
LaTeX Info: Redefining \colon on input line 410.
\classnum@=\count196
\DOTSCASE@=\count197
LaTeX Info: Redefining \ldots on input line 496.
LaTeX Info: Redefining \dots on input line 499.
LaTeX Info: Redefining \cdots on input line 620.
\Mathstrutbox@=\box51
\strutbox@=\box52
LaTeX Info: Redefining \big on input line 722.
LaTeX Info: Redefining \Big on input line 723.
LaTeX Info: Redefining \bigg on input line 724.
LaTeX Info: Redefining \Bigg on input line 725.
\big@size=\dimen143
LaTeX Font Info:    Redeclaring font encoding OML on input line 743.
LaTeX Font Info:    Redeclaring font encoding OMS on input line 744.
\macc@depth=\count198
LaTeX Info: Redefining \bmod on input line 905.
LaTeX Info: Redefining \pmod on input line 910.
LaTeX Info: Redefining \smash on input line 940.
LaTeX Info: Redefining \relbar on input line 970.
LaTeX Info: Redefining \Relbar on input line 971.
\c@MaxMatrixCols=\count199
\dotsspace@=\muskip16
\c@parentequation=\count266
\dspbrk@lvl=\count267
\tag@help=\toks17
\row@=\count268
\column@=\count269
\maxfields@=\count270
\andhelp@=\toks18
\eqnshift@=\dimen144
\alignsep@=\dimen145
\tagshift@=\dimen146
\tagwidth@=\dimen147
\totwidth@=\dimen148
\lineht@=\dimen149
\@envbody=\toks19
\multlinegap=\skip51
\multlinetaggap=\skip52
\mathdisplay@stack=\toks20
LaTeX Info: Redefining \[ on input line 2953.
LaTeX Info: Redefining \] on input line 2954.
) (c:/Users/Simone/AppData/Roaming/TinyTeX/texmf-dist/tex/latex/amsfonts/amssymb.sty
Package: amssymb 2013/01/14 v3.01 AMS font symbols
(c:/Users/Simone/AppData/Roaming/TinyTeX/texmf-dist/tex/latex/amsfonts/amsfonts.sty
Package: amsfonts 2013/01/14 v3.01 Basic AMSFonts support
\symAMSa=\mathgroup4
\symAMSb=\mathgroup5
LaTeX Font Info:    Redeclaring math symbol \hbar on input line 98.
LaTeX Font Info:    Overwriting math alphabet `\mathfrak' in version `bold'
(Font)                  U/euf/m/n --> U/euf/b/n on input line 106.
)) (c:/Users/Simone/AppData/Roaming/TinyTeX/texmf-dist/tex/latex/lm/lmodern.sty
Package: lmodern 2015/05/01 v1.6.1 Latin Modern Fonts
LaTeX Font Info:    Overwriting symbol font `operators' in version `normal'
(Font)                  OT1/cmr/m/n --> OT1/lmr/m/n on input line 22.
LaTeX Font Info:    Overwriting symbol font `letters' in version `normal'
(Font)                  OML/cmm/m/it --> OML/lmm/m/it on input line 23.
LaTeX Font Info:    Overwriting symbol font `symbols' in version `normal'
(Font)                  OMS/cmsy/m/n --> OMS/lmsy/m/n on input line 24.
LaTeX Font Info:    Overwriting symbol font `largesymbols' in version `normal'
(Font)                  OMX/cmex/m/n --> OMX/lmex/m/n on input line 25.
LaTeX Font Info:    Overwriting symbol font `operators' in version `bold'
(Font)                  OT1/cmr/bx/n --> OT1/lmr/bx/n on input line 26.
LaTeX Font Info:    Overwriting symbol font `letters' in version `bold'
(Font)                  OML/cmm/b/it --> OML/lmm/b/it on input line 27.
LaTeX Font Info:    Overwriting symbol font `symbols' in version `bold'
(Font)                  OMS/cmsy/b/n --> OMS/lmsy/b/n on input line 28.
LaTeX Font Info:    Overwriting symbol font `largesymbols' in version `bold'
(Font)                  OMX/cmex/m/n --> OMX/lmex/m/n on input line 29.
LaTeX Font Info:    Overwriting math alphabet `\mathbf' in version `normal'
(Font)                  OT1/cmr/bx/n --> OT1/lmr/bx/n on input line 31.
LaTeX Font Info:    Overwriting math alphabet `\mathsf' in version `normal'
(Font)                  OT1/cmss/m/n --> OT1/lmss/m/n on input line 32.
LaTeX Font Info:    Overwriting math alphabet `\mathit' in version `normal'
(Font)                  OT1/cmr/m/it --> OT1/lmr/m/it on input line 33.
LaTeX Font Info:    Overwriting math alphabet `\mathtt' in version `normal'
(Font)                  OT1/cmtt/m/n --> OT1/lmtt/m/n on input line 34.
LaTeX Font Info:    Overwriting math alphabet `\mathbf' in version `bold'
(Font)                  OT1/cmr/bx/n --> OT1/lmr/bx/n on input line 35.
LaTeX Font Info:    Overwriting math alphabet `\mathsf' in version `bold'
(Font)                  OT1/cmss/bx/n --> OT1/lmss/bx/n on input line 36.
LaTeX Font Info:    Overwriting math alphabet `\mathit' in version `bold'
(Font)                  OT1/cmr/bx/it --> OT1/lmr/bx/it on input line 37.
LaTeX Font Info:    Overwriting math alphabet `\mathtt' in version `bold'
(Font)                  OT1/cmtt/m/n --> OT1/lmtt/m/n on input line 38.
) (c:/Users/Simone/AppData/Roaming/TinyTeX/texmf-dist/tex/generic/iftex/iftex.sty
Package: iftex 2022/02/03 v1.0f TeX engine tests
) (c:/Users/Simone/AppData/Roaming/TinyTeX/texmf-dist/tex/latex/base/fontenc.sty
Package: fontenc 2021/04/29 v2.0v Standard LaTeX package
LaTeX Font Info:    Trying to load font information for T1+lmr on input line 112.
(c:/Users/Simone/AppData/Roaming/TinyTeX/texmf-dist/tex/latex/lm/t1lmr.fd
File: t1lmr.fd 2015/05/01 v1.6.1 Font defs for Latin Modern
)) (c:/Users/Simone/AppData/Roaming/TinyTeX/texmf-dist/tex/latex/base/inputenc.sty
Package: inputenc 2021/02/14 v1.3d Input encoding file
\inpenc@prehook=\toks21
\inpenc@posthook=\toks22
) (c:/Users/Simone/AppData/Roaming/TinyTeX/texmf-dist/tex/latex/base/textcomp.sty
Package: textcomp 2020/02/02 v2.0n Standard LaTeX package
) (c:/Users/Simone/AppData/Roaming/TinyTeX/texmf-dist/tex/latex/xcolor/xcolor.sty
Package: xcolor 2022/06/12 v2.14 LaTeX color extensions (UK)
(c:/Users/Simone/AppData/Roaming/TinyTeX/texmf-dist/tex/latex/graphics-cfg/color.cfg
File: color.cfg 2016/01/02 v1.6 sample color configuration
)
Package xcolor Info: Driver file: pdftex.def on input line 227.
(c:/Users/Simone/AppData/Roaming/TinyTeX/texmf-dist/tex/latex/graphics-def/pdftex.def
File: pdftex.def 2022/09/22 v1.2b Graphics/color driver for pdftex
) (c:/Users/Simone/AppData/Roaming/TinyTeX/texmf-dist/tex/latex/graphics/mathcolor.ltx)
Package xcolor Info: Model `cmy' substituted by `cmy0' on input line 1353.
Package xcolor Info: Model `hsb' substituted by `rgb' on input line 1357.
Package xcolor Info: Model `RGB' extended on input line 1369.
Package xcolor Info: Model `HTML' substituted by `rgb' on input line 1371.
Package xcolor Info: Model `Hsb' substituted by `hsb' on input line 1372.
Package xcolor Info: Model `tHsb' substituted by `hsb' on input line 1373.
Package xcolor Info: Model `HSB' substituted by `hsb' on input line 1374.
Package xcolor Info: Model `Gray' substituted by `gray' on input line 1375.
Package xcolor Info: Model `wave' substituted by `hsb' on input line 1376.
) (c:/Users/Simone/AppData/Roaming/TinyTeX/texmf-dist/tex/latex/geometry/geometry.sty
Package: geometry 2020/01/02 v5.9 Page Geometry
(c:/Users/Simone/AppData/Roaming/TinyTeX/texmf-dist/tex/latex/graphics/keyval.sty
Package: keyval 2022/05/29 v1.15 key=value parser (DPC)
\KV@toks@=\toks23
) (c:/Users/Simone/AppData/Roaming/TinyTeX/texmf-dist/tex/generic/iftex/ifvtex.sty
Package: ifvtex 2019/10/25 v1.7 ifvtex legacy package. Use iftex instead.
)
\Gm@cnth=\count271
\Gm@cntv=\count272
\c@Gm@tempcnt=\count273
\Gm@bindingoffset=\dimen150
\Gm@wd@mp=\dimen151
\Gm@odd@mp=\dimen152
\Gm@even@mp=\dimen153
\Gm@layoutwidth=\dimen154
\Gm@layoutheight=\dimen155
\Gm@layouthoffset=\dimen156
\Gm@layoutvoffset=\dimen157
\Gm@dimlist=\toks24
) (c:/Users/Simone/AppData/Roaming/TinyTeX/texmf-dist/tex/latex/fancyvrb/fancyvrb.sty
Package: fancyvrb 2023/01/19 4.5a verbatim text (tvz,hv)
\FV@CodeLineNo=\count274
\FV@InFile=\read2
\FV@TabBox=\box53
\c@FancyVerbLine=\count275
\FV@StepNumber=\count276
\FV@OutFile=\write3
) (c:/Users/Simone/AppData/Roaming/TinyTeX/texmf-dist/tex/latex/framed/framed.sty
Package: framed 2011/10/22 v 0.96: framed or shaded text with page breaks
\OuterFrameSep=\skip53
\fb@frw=\dimen158
\fb@frh=\dimen159
\FrameRule=\dimen160
\FrameSep=\dimen161
) (c:/Users/Simone/AppData/Roaming/TinyTeX/texmf-dist/tex/latex/tools/longtable.sty
Package: longtable 2021-09-01 v4.17 Multi-page Table package (DPC)
\LTleft=\skip54
\LTright=\skip55
\LTpre=\skip56
\LTpost=\skip57
\LTchunksize=\count277
\LTcapwidth=\dimen162
\LT@head=\box54
\LT@firsthead=\box55
\LT@foot=\box56
\LT@lastfoot=\box57
\LT@gbox=\box58
\LT@cols=\count278
\LT@rows=\count279
\c@LT@tables=\count280
\c@LT@chunks=\count281
\LT@p@ftn=\toks25
) (c:/Users/Simone/AppData/Roaming/TinyTeX/texmf-dist/tex/latex/booktabs/booktabs.sty
Package: booktabs 2020/01/12 v1.61803398 Publication quality tables
\heavyrulewidth=\dimen163
\lightrulewidth=\dimen164
\cmidrulewidth=\dimen165
\belowrulesep=\dimen166
\belowbottomsep=\dimen167
\aboverulesep=\dimen168
\abovetopsep=\dimen169
\cmidrulesep=\dimen170
\cmidrulekern=\dimen171
\defaultaddspace=\dimen172
\@cmidla=\count282
\@cmidlb=\count283
\@aboverulesep=\dimen173
\@belowrulesep=\dimen174
\@thisruleclass=\count284
\@lastruleclass=\count285
\@thisrulewidth=\dimen175
) (c:/Users/Simone/AppData/Roaming/TinyTeX/texmf-dist/tex/latex/tools/array.sty
Package: array 2022/09/04 v2.5g Tabular extension package (FMi)
\col@sep=\dimen176
\ar@mcellbox=\box59
\extrarowheight=\dimen177
\NC@list=\toks26
\extratabsurround=\skip58
\backup@length=\skip59
\ar@cellbox=\box60
) (c:/Users/Simone/AppData/Roaming/TinyTeX/texmf-dist/tex/latex/tools/calc.sty
Package: calc 2017/05/25 v4.3 Infix arithmetic (KKT,FJ)
\calc@Acount=\count286
\calc@Bcount=\count287
\calc@Adimen=\dimen178
\calc@Bdimen=\dimen179
\calc@Askip=\skip60
\calc@Bskip=\skip61
LaTeX Info: Redefining \setlength on input line 80.
LaTeX Info: Redefining \addtolength on input line 81.
\calc@Ccount=\count288
\calc@Cskip=\skip62
) (c:/Users/Simone/AppData/Roaming/TinyTeX/texmf-dist/tex/latex/etoolbox/etoolbox.sty
Package: etoolbox 2020/10/05 v2.5k e-TeX tools for LaTeX (JAW)
\etb@tempcnta=\count289
) (c:/Users/Simone/AppData/Roaming/TinyTeX/texmf-dist/tex/latex/mdwtools/footnote.sty
Package: footnote 1997/01/28 1.13 Save footnotes around boxes
\fn@notes=\box61
\fn@width=\dimen180
) (c:/Users/Simone/AppData/Roaming/TinyTeX/texmf-dist/tex/latex/graphics/graphicx.sty
Package: graphicx 2021/09/16 v1.2d Enhanced LaTeX Graphics (DPC,SPQR)
(c:/Users/Simone/AppData/Roaming/TinyTeX/texmf-dist/tex/latex/graphics/graphics.sty
Package: graphics 2022/03/10 v1.4e Standard LaTeX Graphics (DPC,SPQR)
(c:/Users/Simone/AppData/Roaming/TinyTeX/texmf-dist/tex/latex/graphics/trig.sty
Package: trig 2021/08/11 v1.11 sin cos tan (DPC)
) (c:/Users/Simone/AppData/Roaming/TinyTeX/texmf-dist/tex/latex/graphics-cfg/graphics.cfg
File: graphics.cfg 2016/06/04 v1.11 sample graphics configuration
)
Package graphics Info: Driver file: pdftex.def on input line 107.
)
\Gin@req@height=\dimen181
\Gin@req@width=\dimen182
) (c:/Users/Simone/AppData/Roaming/TinyTeX/texmf-dist/tex/latex/hyperref/hyperref.sty
Package: hyperref 2023-02-07 v7.00v Hypertext links for LaTeX
(c:/Users/Simone/AppData/Roaming/TinyTeX/texmf-dist/tex/generic/ltxcmds/ltxcmds.sty
Package: ltxcmds 2020-05-10 v1.25 LaTeX kernel commands for general use (HO)
) (c:/Users/Simone/AppData/Roaming/TinyTeX/texmf-dist/tex/generic/pdftexcmds/pdftexcmds.sty
Package: pdftexcmds 2020-06-27 v0.33 Utility functions of pdfTeX for LuaTeX (HO)
(c:/Users/Simone/AppData/Roaming/TinyTeX/texmf-dist/tex/generic/infwarerr/infwarerr.sty
Package: infwarerr 2019/12/03 v1.5 Providing info/warning/error messages (HO)
)
Package pdftexcmds Info: \pdf@primitive is available.
Package pdftexcmds Info: \pdf@ifprimitive is available.
Package pdftexcmds Info: \pdfdraftmode found.
) (c:/Users/Simone/AppData/Roaming/TinyTeX/texmf-dist/tex/latex/kvsetkeys/kvsetkeys.sty
Package: kvsetkeys 2022-10-05 v1.19 Key value parser (HO)
) (c:/Users/Simone/AppData/Roaming/TinyTeX/texmf-dist/tex/generic/kvdefinekeys/kvdefinekeys.sty
Package: kvdefinekeys 2019-12-19 v1.6 Define keys (HO)
) (c:/Users/Simone/AppData/Roaming/TinyTeX/texmf-dist/tex/generic/pdfescape/pdfescape.sty
Package: pdfescape 2019/12/09 v1.15 Implements pdfTeX's escape features (HO)
) (c:/Users/Simone/AppData/Roaming/TinyTeX/texmf-dist/tex/latex/hycolor/hycolor.sty
Package: hycolor 2020-01-27 v1.10 Color options for hyperref/bookmark (HO)
) (c:/Users/Simone/AppData/Roaming/TinyTeX/texmf-dist/tex/latex/letltxmacro/letltxmacro.sty
Package: letltxmacro 2019/12/03 v1.6 Let assignment for LaTeX macros (HO)
) (c:/Users/Simone/AppData/Roaming/TinyTeX/texmf-dist/tex/latex/auxhook/auxhook.sty
Package: auxhook 2019-12-17 v1.6 Hooks for auxiliary files (HO)
) (c:/Users/Simone/AppData/Roaming/TinyTeX/texmf-dist/tex/latex/hyperref/nameref.sty
Package: nameref 2022-05-17 v2.50 Cross-referencing by name of section
(c:/Users/Simone/AppData/Roaming/TinyTeX/texmf-dist/tex/latex/refcount/refcount.sty
Package: refcount 2019/12/15 v3.6 Data extraction from label references (HO)
) (c:/Users/Simone/AppData/Roaming/TinyTeX/texmf-dist/tex/generic/gettitlestring/gettitlestring.sty
Package: gettitlestring 2019/12/15 v1.6 Cleanup title references (HO)
(c:/Users/Simone/AppData/Roaming/TinyTeX/texmf-dist/tex/latex/kvoptions/kvoptions.sty
Package: kvoptions 2022-06-15 v3.15 Key value format for package options (HO)
))
\c@section@level=\count290
)
\@linkdim=\dimen183
\Hy@linkcounter=\count291
\Hy@pagecounter=\count292
(c:/Users/Simone/AppData/Roaming/TinyTeX/texmf-dist/tex/latex/hyperref/pd1enc.def
File: pd1enc.def 2023-02-07 v7.00v Hyperref: PDFDocEncoding definition (HO)
Now handling font encoding PD1 ...
... no UTF-8 mapping file for font encoding PD1
) (c:/Users/Simone/AppData/Roaming/TinyTeX/texmf-dist/tex/generic/intcalc/intcalc.sty
Package: intcalc 2019/12/15 v1.3 Expandable calculations with integers (HO)
) (c:/Users/Simone/AppData/Roaming/TinyTeX/texmf-dist/tex/generic/etexcmds/etexcmds.sty
Package: etexcmds 2019/12/15 v1.7 Avoid name clashes with e-TeX commands (HO)
)
\Hy@SavedSpaceFactor=\count293
(c:/Users/Simone/AppData/Roaming/TinyTeX/texmf-dist/tex/latex/hyperref/puenc.def
File: puenc.def 2023-02-07 v7.00v Hyperref: PDF Unicode definition (HO)
Now handling font encoding PU ...
... no UTF-8 mapping file for font encoding PU
)
Package hyperref Info: Option `unicode' set `true' on input line 4060.
Package hyperref Info: Hyper figures OFF on input line 4177.
Package hyperref Info: Link nesting OFF on input line 4182.
Package hyperref Info: Hyper index ON on input line 4185.
Package hyperref Info: Plain pages OFF on input line 4192.
Package hyperref Info: Backreferencing OFF on input line 4197.
Package hyperref Info: Implicit mode ON; LaTeX internals redefined.
Package hyperref Info: Bookmarks ON on input line 4425.
\c@Hy@tempcnt=\count294
(c:/Users/Simone/AppData/Roaming/TinyTeX/texmf-dist/tex/latex/url/url.sty
\Urlmuskip=\muskip17
Package: url 2013/09/16  ver 3.4  Verb mode for urls, etc.
)
LaTeX Info: Redefining \url on input line 4763.
\XeTeXLinkMargin=\dimen184
(c:/Users/Simone/AppData/Roaming/TinyTeX/texmf-dist/tex/generic/bitset/bitset.sty
Package: bitset 2019/12/09 v1.3 Handle bit-vector datatype (HO)
(c:/Users/Simone/AppData/Roaming/TinyTeX/texmf-dist/tex/generic/bigintcalc/bigintcalc.sty
Package: bigintcalc 2019/12/15 v1.5 Expandable calculations on big integers (HO)
))
\Fld@menulength=\count295
\Field@Width=\dimen185
\Fld@charsize=\dimen186
Package hyperref Info: Hyper figures OFF on input line 6042.
Package hyperref Info: Link nesting OFF on input line 6047.
Package hyperref Info: Hyper index ON on input line 6050.
Package hyperref Info: backreferencing OFF on input line 6057.
Package hyperref Info: Link coloring OFF on input line 6062.
Package hyperref Info: Link coloring with OCG OFF on input line 6067.
Package hyperref Info: PDF/A mode OFF on input line 6072.
(c:/Users/Simone/AppData/Roaming/TinyTeX/texmf-dist/tex/latex/base/atbegshi-ltx.sty
Package: atbegshi-ltx 2021/01/10 v1.0c Emulation of the original atbegshi
package with kernel methods
)
\Hy@abspage=\count296
\c@Item=\count297
\c@Hfootnote=\count298
)
Package hyperref Info: Driver (autodetected): hpdftex.
(c:/Users/Simone/AppData/Roaming/TinyTeX/texmf-dist/tex/latex/hyperref/hpdftex.def
File: hpdftex.def 2023-02-07 v7.00v Hyperref driver for pdfTeX
(c:/Users/Simone/AppData/Roaming/TinyTeX/texmf-dist/tex/latex/base/atveryend-ltx.sty
Package: atveryend-ltx 2020/08/19 v1.0a Emulation of the original atveryend package
with kernel methods
)
\Fld@listcount=\count299
\c@bookmark@seq@number=\count300
(c:/Users/Simone/AppData/Roaming/TinyTeX/texmf-dist/tex/latex/rerunfilecheck/rerunfilecheck.sty
Package: rerunfilecheck 2022-07-10 v1.10 Rerun checks for auxiliary files (HO)
(c:/Users/Simone/AppData/Roaming/TinyTeX/texmf-dist/tex/generic/uniquecounter/uniquecounter.sty
Package: uniquecounter 2019/12/15 v1.4 Provide unlimited unique counter (HO)
)
Package uniquecounter Info: New unique counter `rerunfilecheck' on input line 285.
)
\Hy@SectionHShift=\skip63
) (c:/Users/Simone/AppData/Roaming/TinyTeX/texmf-dist/tex/latex/l3backend/l3backend-pdftex.def
File: l3backend-pdftex.def 2023-01-16 L3 backend support: PDF output (pdfTeX)
\l__color_backend_stack_int=\count301
\l__pdf_internal_box=\box62
) (./code_03.2.aux

LaTeX Warning: Label `variabile' multiply defined.


LaTeX Warning: Label `tipologia' multiply defined.


LaTeX Warning: Label `descrizione' multiply defined.

)
\openout1 = `code_03.2.aux'.

LaTeX Font Info:    Checking defaults for OML/cmm/m/it on input line 120.
LaTeX Font Info:    ... okay on input line 120.
LaTeX Font Info:    Checking defaults for OMS/cmsy/m/n on input line 120.
LaTeX Font Info:    ... okay on input line 120.
LaTeX Font Info:    Checking defaults for OT1/cmr/m/n on input line 120.
LaTeX Font Info:    ... okay on input line 120.
LaTeX Font Info:    Checking defaults for T1/cmr/m/n on input line 120.
LaTeX Font Info:    ... okay on input line 120.
LaTeX Font Info:    Checking defaults for TS1/cmr/m/n on input line 120.
LaTeX Font Info:    ... okay on input line 120.
LaTeX Font Info:    Checking defaults for OMX/cmex/m/n on input line 120.
LaTeX Font Info:    ... okay on input line 120.
LaTeX Font Info:    Checking defaults for U/cmr/m/n on input line 120.
LaTeX Font Info:    ... okay on input line 120.
LaTeX Font Info:    Checking defaults for PD1/pdf/m/n on input line 120.
LaTeX Font Info:    ... okay on input line 120.
LaTeX Font Info:    Checking defaults for PU/pdf/m/n on input line 120.
LaTeX Font Info:    ... okay on input line 120.
(c:/Users/Simone/AppData/Roaming/TinyTeX/texmf-dist/tex/latex/epstopdf-pkg/epstopdf-base.sty
Package: epstopdf-base 2020-01-24 v2.11 Base part for package epstopdf
Package epstopdf-base Info: Redefining graphics rule for `.eps' on input line 485.
(c:/Users/Simone/AppData/Roaming/TinyTeX/texmf-dist/tex/latex/latexconfig/epstopdf-sys.cfg
File: epstopdf-sys.cfg 2010/07/13 v1.3 Configuration of (r)epstopdf for TeX Live
))
*geometry* driver: auto-detecting
*geometry* detected driver: pdftex
*geometry* verbose mode - [ preamble ] result:
* driver: pdftex
* paper: <default>
* layout: <same size as paper>
* layoutoffset:(h,v)=(0.0pt,0.0pt)
* modes: 
* h-part:(L,W,R)=(72.26999pt, 469.75502pt, 72.26999pt)
* v-part:(T,H,B)=(72.26999pt, 650.43001pt, 72.26999pt)
* \paperwidth=614.295pt
* \paperheight=794.96999pt
* \textwidth=469.75502pt
* \textheight=650.43001pt
* \oddsidemargin=0.0pt
* \evensidemargin=0.0pt
* \topmargin=-37.0pt
* \headheight=12.0pt
* \headsep=25.0pt
* \topskip=10.0pt
* \footskip=30.0pt
* \marginparwidth=65.0pt
* \marginparsep=11.0pt
* \columnsep=10.0pt
* \skip\footins=9.0pt plus 4.0pt minus 2.0pt
* \hoffset=0.0pt
* \voffset=0.0pt
* \mag=1000
* \@twocolumnfalse
* \@twosidefalse
* \@mparswitchfalse
* \@reversemarginfalse
* (1in=72.27pt=25.4mm, 1cm=28.453pt)

Package hyperref Info: Link coloring OFF on input line 120.
(./code_03.2.out) (./code_03.2.out)
\@outlinefile=\write4
\openout4 = `code_03.2.out'.

LaTeX Font Info:    Trying to load font information for OT1+lmr on input line 122.
(c:/Users/Simone/AppData/Roaming/TinyTeX/texmf-dist/tex/latex/lm/ot1lmr.fd
File: ot1lmr.fd 2015/05/01 v1.6.1 Font defs for Latin Modern
)
LaTeX Font Info:    Trying to load font information for OML+lmm on input line 122.
(c:/Users/Simone/AppData/Roaming/TinyTeX/texmf-dist/tex/latex/lm/omllmm.fd
File: omllmm.fd 2015/05/01 v1.6.1 Font defs for Latin Modern
)
LaTeX Font Info:    Trying to load font information for OMS+lmsy on input line 122.
(c:/Users/Simone/AppData/Roaming/TinyTeX/texmf-dist/tex/latex/lm/omslmsy.fd
File: omslmsy.fd 2015/05/01 v1.6.1 Font defs for Latin Modern
)
LaTeX Font Info:    Trying to load font information for OMX+lmex on input line 122.
(c:/Users/Simone/AppData/Roaming/TinyTeX/texmf-dist/tex/latex/lm/omxlmex.fd
File: omxlmex.fd 2015/05/01 v1.6.1 Font defs for Latin Modern
)
LaTeX Font Info:    External font `lmex10' loaded for size
(Font)              <12> on input line 122.
LaTeX Font Info:    External font `lmex10' loaded for size
(Font)              <8> on input line 122.
LaTeX Font Info:    External font `lmex10' loaded for size
(Font)              <6> on input line 122.
LaTeX Font Info:    Trying to load font information for U+msa on input line 122.
(c:/Users/Simone/AppData/Roaming/TinyTeX/texmf-dist/tex/latex/amsfonts/umsa.fd
File: umsa.fd 2013/01/14 v3.01 AMS symbols A
)
LaTeX Font Info:    Trying to load font information for U+msb on input line 122.
(c:/Users/Simone/AppData/Roaming/TinyTeX/texmf-dist/tex/latex/amsfonts/umsb.fd
File: umsb.fd 2013/01/14 v3.01 AMS symbols B
) (./code_03.2.toc)
\tf@toc=\write5
\openout5 = `code_03.2.toc'.

[1

{c:/Users/Simone/AppData/Roaming/TinyTeX/texmf-var/fonts/map/pdftex/updmap/pdftex.map}]
Overfull \hbox (12.83237pt too wide) in paragraph at lines 184--184
[]|\T1/lmr/m/n/10 PAZIENTE|  
 []


Overfull \hbox (6.58238pt too wide) in paragraph at lines 185--185
[]|\T1/lmr/m/n/10 NASCITA|  
 []


Overfull \hbox (5.1942pt too wide) in paragraph at lines 185--185
[]|\T1/lmr/m/it/10 Character|  
 []


Overfull \hbox (13.24902pt too wide) in paragraph at lines 187--187
[]|\T1/lmr/m/n/10 STATOCIV|  
 []


Overfull \hbox (7.97137pt too wide) in paragraph at lines 191--191
[]|\T1/lmr/m/n/10 ALTEZZA|  
 []


Overfull \hbox (5.19374pt too wide) in paragraph at lines 192--192
[]|\T1/lmr/m/n/10 CADUTE|  
 []


Overfull \hbox (10.4712pt too wide) in paragraph at lines 193--193
[]|\T1/lmr/m/n/10 CCSCORE|  
 []


Overfull \hbox (6.51357pt too wide) in paragraph at lines 197--197
[]|\T1/lmr/m/n/10 SOFAING|  
 []


Overfull \hbox (5.1942pt too wide) in paragraph at lines 200--200
[]|\T1/lmr/m/it/10 Character|  
 []


Overfull \hbox (5.1942pt too wide) in paragraph at lines 204--204
[]|\T1/lmr/m/it/10 Character|  
 []


Overfull \hbox (5.1942pt too wide) in paragraph at lines 205--205
[]|\T1/lmr/m/it/10 Character|  
 []


Overfull \hbox (5.1942pt too wide) in paragraph at lines 206--206
[]|\T1/lmr/m/it/10 Character|  
 []


Overfull \hbox (5.1942pt too wide) in paragraph at lines 207--207
[]|\T1/lmr/m/it/10 Character|  
 []


Overfull \hbox (9.4992pt too wide) in paragraph at lines 208--208
[]|\T1/lmr/m/n/10 TEMPRIC|  
 []


Overfull \hbox (2.9721pt too wide) in paragraph at lines 210--210
[]|\T1/lmr/m/n/10 DATDIM|  
 []


Overfull \hbox (1.2756pt too wide) in paragraph at lines 210--210
[]|\T1/lmr/m/it/10 POSIXct|  
 []


Overfull \hbox (0.8881pt too wide) in paragraph at lines 211--211
[]|\T1/lmr/m/n/10 DATINT|  
 []


Overfull \hbox (1.2756pt too wide) in paragraph at lines 211--211
[]|\T1/lmr/m/it/10 POSIXct|  
 []


Overfull \hbox (16.02689pt too wide) in paragraph at lines 212--212
[]|\T1/lmr/m/n/10 INTDURAT|  
 []

LaTeX Font Info:    Trying to load font information for T1+lmtt on input line 226.
(c:/Users/Simone/AppData/Roaming/TinyTeX/texmf-dist/tex/latex/lm/t1lmtt.fd
File: t1lmtt.fd 2015/05/01 v1.6.1 Font defs for Latin Modern
) [2] [3] [4] [5] [6] [7] [8] [9]
LaTeX Font Info:    Trying to load font information for TS1+lmtt on input line 682.
(c:/Users/Simone/AppData/Roaming/TinyTeX/texmf-dist/tex/latex/lm/ts1lmtt.fd
File: ts1lmtt.fd 2015/05/01 v1.6.1 Font defs for Latin Modern
) [10]
<code_03.2_files/figure-latex/unnamed-chunk-16-1.pdf, id=110, 469.755pt x 325.215pt>
File: code_03.2_files/figure-latex/unnamed-chunk-16-1.pdf Graphic file (type pdf)
<use code_03.2_files/figure-latex/unnamed-chunk-16-1.pdf>
Package pdftex.def Info: code_03.2_files/figure-latex/unnamed-chunk-16-1.pdf  used on input line 744.
(pdftex.def)             Requested size: 469.75386pt x 325.2142pt.
[11] [12 <./code_03.2_files/figure-latex/unnamed-chunk-16-1.pdf>]
<code_03.2_files/figure-latex/unnamed-chunk-18-1.pdf, id=125, 469.755pt x 325.215pt>
File: code_03.2_files/figure-latex/unnamed-chunk-18-1.pdf Graphic file (type pdf)
<use code_03.2_files/figure-latex/unnamed-chunk-18-1.pdf>
Package pdftex.def Info: code_03.2_files/figure-latex/unnamed-chunk-18-1.pdf  used on input line 787.
(pdftex.def)             Requested size: 469.75386pt x 325.2142pt.
[13 <./code_03.2_files/figure-latex/unnamed-chunk-18-1.pdf>] [14]
<code_03.2_files/figure-latex/unnamed-chunk-23-1.pdf, id=141, 469.755pt x 325.215pt>
File: code_03.2_files/figure-latex/unnamed-chunk-23-1.pdf Graphic file (type pdf)
<use code_03.2_files/figure-latex/unnamed-chunk-23-1.pdf>
Package pdftex.def Info: code_03.2_files/figure-latex/unnamed-chunk-23-1.pdf  used on input line 886.
(pdftex.def)             Requested size: 469.75386pt x 325.2142pt.
[15 <./code_03.2_files/figure-latex/unnamed-chunk-23-1.pdf>]
<code_03.2_files/figure-latex/unnamed-chunk-25-1.pdf, id=153, 469.755pt x 325.215pt>
File: code_03.2_files/figure-latex/unnamed-chunk-25-1.pdf Graphic file (type pdf)
<use code_03.2_files/figure-latex/unnamed-chunk-25-1.pdf>
Package pdftex.def Info: code_03.2_files/figure-latex/unnamed-chunk-25-1.pdf  used on input line 928.
(pdftex.def)             Requested size: 469.75386pt x 325.2142pt.
[16 <./code_03.2_files/figure-latex/unnamed-chunk-25-1.pdf>]
<code_03.2_files/figure-latex/unnamed-chunk-28-1.pdf, id=164, 469.755pt x 325.215pt>
File: code_03.2_files/figure-latex/unnamed-chunk-28-1.pdf Graphic file (type pdf)
<use code_03.2_files/figure-latex/unnamed-chunk-28-1.pdf>
Package pdftex.def Info: code_03.2_files/figure-latex/unnamed-chunk-28-1.pdf  used on input line 977.
(pdftex.def)             Requested size: 469.75386pt x 325.2142pt.
[17] [18 <./code_03.2_files/figure-latex/unnamed-chunk-28-1.pdf>]
<code_03.2_files/figure-latex/unnamed-chunk-30-1.pdf, id=179, 469.755pt x 325.215pt>
File: code_03.2_files/figure-latex/unnamed-chunk-30-1.pdf Graphic file (type pdf)
<use code_03.2_files/figure-latex/unnamed-chunk-30-1.pdf>
Package pdftex.def Info: code_03.2_files/figure-latex/unnamed-chunk-30-1.pdf  used on input line 1017.
(pdftex.def)             Requested size: 469.75386pt x 325.2142pt.
[19 <./code_03.2_files/figure-latex/unnamed-chunk-30-1.pdf>]
<code_03.2_files/figure-latex/unnamed-chunk-32-1.pdf, id=191, 469.755pt x 325.215pt>
File: code_03.2_files/figure-latex/unnamed-chunk-32-1.pdf Graphic file (type pdf)
<use code_03.2_files/figure-latex/unnamed-chunk-32-1.pdf>
Package pdftex.def Info: code_03.2_files/figure-latex/unnamed-chunk-32-1.pdf  used on input line 1057.
(pdftex.def)             Requested size: 469.75386pt x 325.2142pt.
[20 <./code_03.2_files/figure-latex/unnamed-chunk-32-1.pdf>]
<code_03.2_files/figure-latex/unnamed-chunk-34-1.pdf, id=202, 469.755pt x 325.215pt>
File: code_03.2_files/figure-latex/unnamed-chunk-34-1.pdf Graphic file (type pdf)
<use code_03.2_files/figure-latex/unnamed-chunk-34-1.pdf>
Package pdftex.def Info: code_03.2_files/figure-latex/unnamed-chunk-34-1.pdf  used on input line 1093.
(pdftex.def)             Requested size: 469.75386pt x 325.2142pt.
[21 <./code_03.2_files/figure-latex/unnamed-chunk-34-1.pdf>] [22] [23]
<code_03.2_files/figure-latex/unnamed-chunk-39-1.pdf, id=221, 469.755pt x 325.215pt>
File: code_03.2_files/figure-latex/unnamed-chunk-39-1.pdf Graphic file (type pdf)
<use code_03.2_files/figure-latex/unnamed-chunk-39-1.pdf>
Package pdftex.def Info: code_03.2_files/figure-latex/unnamed-chunk-39-1.pdf  used on input line 1239.
(pdftex.def)             Requested size: 469.75386pt x 325.2142pt.
[24 <./code_03.2_files/figure-latex/unnamed-chunk-39-1.pdf>] [25] [26] [27]
Overfull \hbox (611.74184pt too wide) in paragraph at lines 1471--1471
[]\T1/lmtt/m/n/10 ## data$AGE = 71 83 83 89 87 92 92 94 76 87 73 102 93 83 88 80 79 77 83 81 86 84 89 97 91 90 83 81 89 81 80 95 97 82 74 80 91 79 83 91 83 87 83 81 99 85 84 75 87 83 79 85 86 86 89 88 85 70 79 90 89 89 85 89[] 
 []

[28]
Overfull \hbox (412.24242pt too wide) in paragraph at lines 1565--1565
[]\T1/lmtt/m/n/10 ## data$ANNIOSSERV = 10 0 0 0 10 10 10 1 9 9 10 0 6 10 9 10 10 9 9 10 9 9 9 9 9 10 10 0 10 10 10 9 9 10 9 9 10 9 0 10 9 0 10 9 10 9 10 0 9 0 10 9 9 10 9 9 9 0 9 10 10 0[] 
 []

[29]
LaTeX Font Info:    Font shape `T1/lmtt/bx/n' in size <10> not available
(Font)              Font shape `T1/lmtt/b/n' tried instead on input line 1625.
[30]
<code_03.2_files/figure-latex/unnamed-chunk-54-1.pdf, id=260, 469.755pt x 325.215pt>
File: code_03.2_files/figure-latex/unnamed-chunk-54-1.pdf Graphic file (type pdf)
<use code_03.2_files/figure-latex/unnamed-chunk-54-1.pdf>
Package pdftex.def Info: code_03.2_files/figure-latex/unnamed-chunk-54-1.pdf  used on input line 1656.
(pdftex.def)             Requested size: 469.75386pt x 325.2142pt.
[31 <./code_03.2_files/figure-latex/unnamed-chunk-54-1.pdf>]
<code_03.2_files/figure-latex/unnamed-chunk-55-1.pdf, id=271, 469.755pt x 325.215pt>
File: code_03.2_files/figure-latex/unnamed-chunk-55-1.pdf Graphic file (type pdf)
<use code_03.2_files/figure-latex/unnamed-chunk-55-1.pdf>
Package pdftex.def Info: code_03.2_files/figure-latex/unnamed-chunk-55-1.pdf  used on input line 1711.
(pdftex.def)             Requested size: 469.75386pt x 325.2142pt.

Underfull \hbox (badness 10000) in paragraph at lines 1711--1714
[][]
 []

[32]
<code_03.2_files/figure-latex/unnamed-chunk-56-1.pdf, id=276, 469.755pt x 325.215pt>
File: code_03.2_files/figure-latex/unnamed-chunk-56-1.pdf Graphic file (type pdf)
<use code_03.2_files/figure-latex/unnamed-chunk-56-1.pdf>
Package pdftex.def Info: code_03.2_files/figure-latex/unnamed-chunk-56-1.pdf  used on input line 1727.
(pdftex.def)             Requested size: 469.75386pt x 325.2142pt.

Underfull \hbox (badness 10000) in paragraph at lines 1727--1734
[][]
 []

[33 <./code_03.2_files/figure-latex/unnamed-chunk-55-1.pdf>]
<code_03.2_files/figure-latex/unnamed-chunk-57-1.pdf, id=288, 469.755pt x 325.215pt>
File: code_03.2_files/figure-latex/unnamed-chunk-57-1.pdf Graphic file (type pdf)
<use code_03.2_files/figure-latex/unnamed-chunk-57-1.pdf>
Package pdftex.def Info: code_03.2_files/figure-latex/unnamed-chunk-57-1.pdf  used on input line 1753.
(pdftex.def)             Requested size: 469.75386pt x 325.2142pt.
[34 <./code_03.2_files/figure-latex/unnamed-chunk-56-1.pdf>]
<code_03.2_files/figure-latex/unnamed-chunk-58-1.pdf, id=298, 469.755pt x 325.215pt>
File: code_03.2_files/figure-latex/unnamed-chunk-58-1.pdf Graphic file (type pdf)
<use code_03.2_files/figure-latex/unnamed-chunk-58-1.pdf>
Package pdftex.def Info: code_03.2_files/figure-latex/unnamed-chunk-58-1.pdf  used on input line 1784.
(pdftex.def)             Requested size: 469.75386pt x 325.2142pt.

Underfull \hbox (badness 10000) in paragraph at lines 1784--1789
[][]
 []

[35 <./code_03.2_files/figure-latex/unnamed-chunk-57-1.pdf>]
<code_03.2_files/figure-latex/unnamed-chunk-59-1.pdf, id=308, 469.755pt x 325.215pt>
File: code_03.2_files/figure-latex/unnamed-chunk-59-1.pdf Graphic file (type pdf)
<use code_03.2_files/figure-latex/unnamed-chunk-59-1.pdf>
Package pdftex.def Info: code_03.2_files/figure-latex/unnamed-chunk-59-1.pdf  used on input line 1806.
(pdftex.def)             Requested size: 469.75386pt x 325.2142pt.
[36 <./code_03.2_files/figure-latex/unnamed-chunk-58-1.pdf>]
<code_03.2_files/figure-latex/unnamed-chunk-60-1.pdf, id=318, 469.755pt x 325.215pt>
File: code_03.2_files/figure-latex/unnamed-chunk-60-1.pdf Graphic file (type pdf)
<use code_03.2_files/figure-latex/unnamed-chunk-60-1.pdf>
Package pdftex.def Info: code_03.2_files/figure-latex/unnamed-chunk-60-1.pdf  used on input line 1839.
(pdftex.def)             Requested size: 469.75386pt x 325.2142pt.

Underfull \hbox (badness 10000) in paragraph at lines 1839--1843
[][]
 []

[37 <./code_03.2_files/figure-latex/unnamed-chunk-59-1.pdf>]
<code_03.2_files/figure-latex/unnamed-chunk-61-1.pdf, id=329, 469.755pt x 325.215pt>
File: code_03.2_files/figure-latex/unnamed-chunk-61-1.pdf Graphic file (type pdf)
<use code_03.2_files/figure-latex/unnamed-chunk-61-1.pdf>
Package pdftex.def Info: code_03.2_files/figure-latex/unnamed-chunk-61-1.pdf  used on input line 1859.
(pdftex.def)             Requested size: 469.75386pt x 325.2142pt.

Underfull \hbox (badness 10000) in paragraph at lines 1859--1862
[][]
 []

[38 <./code_03.2_files/figure-latex/unnamed-chunk-60-1.pdf>]
<code_03.2_files/figure-latex/unnamed-chunk-62-1.pdf, id=340, 469.755pt x 325.215pt>
File: code_03.2_files/figure-latex/unnamed-chunk-62-1.pdf Graphic file (type pdf)
<use code_03.2_files/figure-latex/unnamed-chunk-62-1.pdf>
Package pdftex.def Info: code_03.2_files/figure-latex/unnamed-chunk-62-1.pdf  used on input line 1881.
(pdftex.def)             Requested size: 469.75386pt x 325.2142pt.

Underfull \hbox (badness 10000) in paragraph at lines 1881--1884
[][]
 []

[39 <./code_03.2_files/figure-latex/unnamed-chunk-61-1.pdf>]
<code_03.2_files/figure-latex/unnamed-chunk-63-1.pdf, id=350, 469.755pt x 325.215pt>
File: code_03.2_files/figure-latex/unnamed-chunk-63-1.pdf Graphic file (type pdf)
<use code_03.2_files/figure-latex/unnamed-chunk-63-1.pdf>
Package pdftex.def Info: code_03.2_files/figure-latex/unnamed-chunk-63-1.pdf  used on input line 1898.
(pdftex.def)             Requested size: 469.75386pt x 325.2142pt.

Underfull \hbox (badness 10000) in paragraph at lines 1898--1908
[][]
 []

[40 <./code_03.2_files/figure-latex/unnamed-chunk-62-1.pdf>]
<code_03.2_files/figure-latex/unnamed-chunk-64-1.pdf, id=360, 469.755pt x 325.215pt>
File: code_03.2_files/figure-latex/unnamed-chunk-64-1.pdf Graphic file (type pdf)
<use code_03.2_files/figure-latex/unnamed-chunk-64-1.pdf>
Package pdftex.def Info: code_03.2_files/figure-latex/unnamed-chunk-64-1.pdf  used on input line 1932.
(pdftex.def)             Requested size: 469.75386pt x 325.2142pt.

Underfull \hbox (badness 10000) in paragraph at lines 1932--1939
[][]
 []

[41 <./code_03.2_files/figure-latex/unnamed-chunk-63-1.pdf>]
<code_03.2_files/figure-latex/unnamed-chunk-65-1.pdf, id=370, 469.755pt x 325.215pt>
File: code_03.2_files/figure-latex/unnamed-chunk-65-1.pdf Graphic file (type pdf)
<use code_03.2_files/figure-latex/unnamed-chunk-65-1.pdf>
Package pdftex.def Info: code_03.2_files/figure-latex/unnamed-chunk-65-1.pdf  used on input line 1959.
(pdftex.def)             Requested size: 469.75386pt x 325.2142pt.

Underfull \hbox (badness 10000) in paragraph at lines 1959--1971
[][]
 []

[42 <./code_03.2_files/figure-latex/unnamed-chunk-64-1.pdf>] [43 <./code_03.2_files/figure-latex/unnamed-chunk-65-1.pdf>]
<code_03.2_files/figure-latex/unnamed-chunk-66-1.pdf, id=391, 469.755pt x 325.215pt>
File: code_03.2_files/figure-latex/unnamed-chunk-66-1.pdf Graphic file (type pdf)
<use code_03.2_files/figure-latex/unnamed-chunk-66-1.pdf>
Package pdftex.def Info: code_03.2_files/figure-latex/unnamed-chunk-66-1.pdf  used on input line 2011.
(pdftex.def)             Requested size: 469.75386pt x 325.2142pt.
[44 <./code_03.2_files/figure-latex/unnamed-chunk-66-1.pdf>]
<code_03.2_files/figure-latex/unnamed-chunk-67-1.pdf, id=401, 469.755pt x 325.215pt>
File: code_03.2_files/figure-latex/unnamed-chunk-67-1.pdf Graphic file (type pdf)
<use code_03.2_files/figure-latex/unnamed-chunk-67-1.pdf>
Package pdftex.def Info: code_03.2_files/figure-latex/unnamed-chunk-67-1.pdf  used on input line 2048.
(pdftex.def)             Requested size: 469.75386pt x 325.2142pt.
[45 <./code_03.2_files/figure-latex/unnamed-chunk-67-1.pdf>] [46] [47] [48] [49]
<code_03.2_files/figure-latex/unnamed-chunk-71-1.pdf, id=430, 469.755pt x 325.215pt>
File: code_03.2_files/figure-latex/unnamed-chunk-71-1.pdf Graphic file (type pdf)
<use code_03.2_files/figure-latex/unnamed-chunk-71-1.pdf>
Package pdftex.def Info: code_03.2_files/figure-latex/unnamed-chunk-71-1.pdf  used on input line 2377.
(pdftex.def)             Requested size: 469.75386pt x 325.2142pt.

Underfull \hbox (badness 10000) in paragraph at lines 2377--2379
[][]
 []

[50] [51 <./code_03.2_files/figure-latex/unnamed-chunk-71-1.pdf>] [52]
<code_03.2_files/figure-latex/unnamed-chunk-73-1.pdf, id=454, 469.755pt x 325.215pt>
File: code_03.2_files/figure-latex/unnamed-chunk-73-1.pdf Graphic file (type pdf)
<use code_03.2_files/figure-latex/unnamed-chunk-73-1.pdf>
Package pdftex.def Info: code_03.2_files/figure-latex/unnamed-chunk-73-1.pdf  used on input line 2481.
(pdftex.def)             Requested size: 469.75386pt x 325.2142pt.
<code_03.2_files/figure-latex/unnamed-chunk-74-1.pdf, id=455, 469.755pt x 325.215pt>
File: code_03.2_files/figure-latex/unnamed-chunk-74-1.pdf Graphic file (type pdf)
<use code_03.2_files/figure-latex/unnamed-chunk-74-1.pdf>
Package pdftex.def Info: code_03.2_files/figure-latex/unnamed-chunk-74-1.pdf  used on input line 2494.
(pdftex.def)             Requested size: 469.75386pt x 325.2142pt.
[53 <./code_03.2_files/figure-latex/unnamed-chunk-73-1.pdf>] [54 <./code_03.2_files/figure-latex/unnamed-chunk-74-1.pdf>] [55]
<code_03.2_files/figure-latex/unnamed-chunk-78-1.pdf, id=481, 469.755pt x 325.215pt>
File: code_03.2_files/figure-latex/unnamed-chunk-78-1.pdf Graphic file (type pdf)
<use code_03.2_files/figure-latex/unnamed-chunk-78-1.pdf>
Package pdftex.def Info: code_03.2_files/figure-latex/unnamed-chunk-78-1.pdf  used on input line 2599.
(pdftex.def)             Requested size: 469.75386pt x 325.2142pt.
[56 <./code_03.2_files/figure-latex/unnamed-chunk-78-1.pdf>] [57] [58] (./code_03.2.aux)

LaTeX Warning: There were multiply-defined labels.

Package rerunfilecheck Info: File `code_03.2.out' has not changed.
(rerunfilecheck)             Checksum: C69DC3CB02CABAFF65FE62873D7E6ED3;1129.
 ) 
Here is how much of TeX's memory you used:
 12019 strings out of 477989
 196095 string characters out of 5837397
 1884340 words of memory out of 5000000
 31900 multiletter control sequences out of 15000+600000
 548374 words of font info for 60 fonts, out of 8000000 for 9000
 14 hyphenation exceptions out of 8191
 75i,7n,76p,688b,586s stack positions out of 10000i,1000n,20000p,200000b,200000s
{c:/Users/Simone/AppData/Roaming/TinyTeX/texmf-dist/fonts/enc/dvips/lm/lm-ts1.enc}{c:/Users/Simone/AppData/Roaming/TinyTeX/texmf-dist/fonts/enc/dvips/lm/lm-ec.enc}<c:/Users/Simone/AppData/Roaming/TinyTeX/texmf-dist/fonts/type1/public/lm/lmbx10.pfb><c:/Users/Simone/AppData/Roaming/TinyTeX/texmf-dist/fonts/type1/public/lm/lmbx12.pfb><c:/Users/Simone/AppData/Roaming/TinyTeX/texmf-dist/fonts/type1/public/lm/lmr10.pfb><c:/Users/Simone/AppData/Roaming/TinyTeX/texmf-dist/fonts/type1/public/lm/lmr12.pfb><c:/Users/Simone/AppData/Roaming/TinyTeX/texmf-dist/fonts/type1/public/lm/lmr17.pfb><c:/Users/Simone/AppData/Roaming/TinyTeX/texmf-dist/fonts/type1/public/lm/lmri10.pfb><c:/Users/Simone/AppData/Roaming/TinyTeX/texmf-dist/fonts/type1/public/lm/lmtk10.pfb><c:/Users/Simone/AppData/Roaming/TinyTeX/texmf-dist/fonts/type1/public/lm/lmtt10.pfb><c:/Users/Simone/AppData/Roaming/TinyTeX/texmf-dist/fonts/type1/public/lm/lmtti10.pfb>
Output written on code_03.2.pdf (58 pages, 802791 bytes).
PDF statistics:
 569 PDF objects out of 1000 (max. 8388607)
 430 compressed objects within 5 object streams
 85 named destinations out of 1000 (max. 500000)
 208 words of extra memory for PDF output out of 10000 (max. 10000000)

